[15-Mar-2016 04:13:09 UTC] PHP Parse error:  syntax error, unexpected '->' (T_OBJECT_OPERATOR), expecting variable (T_VARIABLE) or '{' or '$' in /vagrant/markbox/src/routes.php on line 5
[15-Mar-2016 07:22:10 UTC] PHP Notice:  Undefined property: Posts::$directories in /vagrant/markbox/src/apps/Posts.php on line 18
[15-Mar-2016 07:22:10 UTC] PHP Warning:  Invalid argument supplied for foreach() in /vagrant/markbox/src/apps/Posts.php on line 18
[15-Mar-2016 07:22:10 UTC] PHP Notice:  Undefined property: Posts::$directories in /vagrant/markbox/src/apps/Posts.php on line 80
[15-Mar-2016 07:22:25 UTC] PHP Notice:  Undefined property: Posts::$directories in /vagrant/markbox/src/apps/Posts.php on line 77
[15-Mar-2016 08:01:57 UTC] PHP Fatal error:  Cannot redeclare Posts::getFiles() in /vagrant/markbox/src/apps/Posts.php on line 85
[15-Mar-2016 09:25:20 UTC] PHP Notice:  Undefined variable: file in /vagrant/markbox/src/apps/Posts.php on line 106
[15-Mar-2016 09:25:20 UTC] PHP Warning:  file_get_contents(): Filename cannot be empty in /vagrant/markbox/src/apps/Posts.php on line 106
[15-Mar-2016 09:25:20 UTC] PHP Notice:  Undefined offset: 0 in /vagrant/markbox/src/apps/Posts.php on line 108
[15-Mar-2016 09:25:34 UTC] PHP Notice:  Undefined offset: 0 in /vagrant/markbox/src/apps/Posts.php on line 108
[15-Mar-2016 09:28:24 UTC] PHP Notice:  Only variables should be passed by reference in /vagrant/markbox/src/apps/Posts.php on line 112
[15-Mar-2016 09:28:24 UTC] PHP Notice:  Only variables should be passed by reference in /vagrant/markbox/src/apps/Posts.php on line 112
[15-Mar-2016 09:28:24 UTC] PHP Notice:  Only variables should be passed by reference in /vagrant/markbox/src/apps/Posts.php on line 112
[15-Mar-2016 09:28:24 UTC] PHP Notice:  Only variables should be passed by reference in /vagrant/markbox/src/apps/Posts.php on line 112
[15-Mar-2016 09:28:24 UTC] PHP Notice:  Only variables should be passed by reference in /vagrant/markbox/src/apps/Posts.php on line 112
[15-Mar-2016 09:28:24 UTC] PHP Notice:  Only variables should be passed by reference in /vagrant/markbox/src/apps/Posts.php on line 112
[15-Mar-2016 09:28:24 UTC] PHP Notice:  Only variables should be passed by reference in /vagrant/markbox/src/apps/Posts.php on line 112
[15-Mar-2016 09:28:24 UTC] PHP Notice:  Only variables should be passed by reference in /vagrant/markbox/src/apps/Posts.php on line 112
[15-Mar-2016 09:28:24 UTC] PHP Notice:  Only variables should be passed by reference in /vagrant/markbox/src/apps/Posts.php on line 112
[15-Mar-2016 09:28:24 UTC] PHP Notice:  Only variables should be passed by reference in /vagrant/markbox/src/apps/Posts.php on line 112
[15-Mar-2016 09:28:24 UTC] PHP Notice:  Only variables should be passed by reference in /vagrant/markbox/src/apps/Posts.php on line 112
[15-Mar-2016 09:28:24 UTC] PHP Notice:  Only variables should be passed by reference in /vagrant/markbox/src/apps/Posts.php on line 112
[15-Mar-2016 09:55:55 UTC] PHP Notice:  Undefined offset: 0 in /vagrant/markbox/src/apps/Posts.php on line 116
[15-Mar-2016 09:57:12 UTC] PHP Notice:  Undefined offset: 0 in /vagrant/markbox/src/apps/Posts.php on line 116
[15-Mar-2016 09:57:14 UTC] PHP Notice:  Undefined offset: 0 in /vagrant/markbox/src/apps/Posts.php on line 116
[15-Mar-2016 10:02:32 UTC] PHP Warning:  filemtime(): stat failed for /vagrant/markbox/src/apps/../../storages/posts/Deng.tmkook.md in /vagrant/markbox/src/apps/Posts.php on line 101
[15-Mar-2016 10:02:32 UTC] PHP Warning:  filemtime(): stat failed for /vagrant/markbox/src/apps/../../storages/posts/GettingStarted.leonde.md in /vagrant/markbox/src/apps/Posts.php on line 101
[15-Mar-2016 10:02:32 UTC] PHP Warning:  filemtime(): stat failed for /vagrant/markbox/src/apps/../../storages/posts/GitSSH.admin.md in /vagrant/markbox/src/apps/Posts.php on line 101
[15-Mar-2016 10:02:32 UTC] PHP Warning:  filemtime(): stat failed for /vagrant/markbox/src/apps/../../storages/posts/job.md in /vagrant/markbox/src/apps/Posts.php on line 101
[15-Mar-2016 10:02:32 UTC] PHP Warning:  filemtime(): stat failed for /vagrant/markbox/src/apps/../../storages/posts/JSPM.md in /vagrant/markbox/src/apps/Posts.php on line 101
[15-Mar-2016 10:02:32 UTC] PHP Warning:  filemtime(): stat failed for /vagrant/markbox/src/apps/../../storages/posts/PHPDepoly.master.md in /vagrant/markbox/src/apps/Posts.php on line 101
[15-Mar-2016 10:02:32 UTC] PHP Warning:  filemtime(): stat failed for /vagrant/markbox/src/apps/../../storages/posts/PlayerSupportOS.md in /vagrant/markbox/src/apps/Posts.php on line 101
[15-Mar-2016 10:02:32 UTC] PHP Warning:  filemtime(): stat failed for /vagrant/markbox/src/apps/../../storages/posts/Restful.md in /vagrant/markbox/src/apps/Posts.php on line 101
[15-Mar-2016 10:02:32 UTC] PHP Warning:  filemtime(): stat failed for /vagrant/markbox/src/apps/../../storages/posts/Study.md in /vagrant/markbox/src/apps/Posts.php on line 101
[15-Mar-2016 10:02:32 UTC] PHP Warning:  filemtime(): stat failed for /vagrant/markbox/src/apps/../../storages/posts/test.md in /vagrant/markbox/src/apps/Posts.php on line 101
[15-Mar-2016 10:02:32 UTC] PHP Warning:  filemtime(): stat failed for /vagrant/markbox/src/apps/../../storages/posts/VagrantInstall.tmkook.md in /vagrant/markbox/src/apps/Posts.php on line 101
[15-Mar-2016 10:02:32 UTC] PHP Warning:  filemtime(): stat failed for /vagrant/markbox/src/apps/../../storages/posts/VR_User_APIs.md in /vagrant/markbox/src/apps/Posts.php on line 101
[15-Mar-2016 10:02:32 UTC] PHP Warning:  filemtime(): stat failed for /vagrant/markbox/src/apps/../../storages/posts/VueStart.md in /vagrant/markbox/src/apps/Posts.php on line 101
[15-Mar-2016 10:25:22 UTC] PHP Fatal error:  'continue' not in the 'loop' or 'switch' context in /vagrant/markbox/src/apps/Posts.php on line 168
[15-Mar-2016 10:33:00 UTC] PHP Notice:  Undefined variable: dir in /vagrant/markbox/src/apps/Posts.php on line 48
